# JRE version: Java(TM) SE Runtime Environment (8.0_111-b14) (build 1.8.0_111-b14)
# Java VM: Java HotSpot(TM) 64-Bit Server VM (25.111-b14 mixed mode windows-amd64 compressed oops)
Heap:
 PSYoungGen      total 35328K, used 32768K [0x00000000eb200000, 0x00000000ed700000, 0x0000000100000000)
  eden space 32768K, 100% used [0x00000000eb200000,0x00000000ed200000,0x00000000ed200000)
  from space 2560K, 0% used [0x00000000ed200000,0x00000000ed200000,0x00000000ed480000)
  to   space 2560K, 0% used [0x00000000ed480000,0x00000000ed480000,0x00000000ed700000)
 ParOldGen       total 97792K, used 97779K [0x00000000c1600000, 0x00000000c7580000, 0x00000000eb200000)
  object space 97792K, 99% used [0x00000000c1600000,0x00000000c757cff8,0x00000000c7580000)
 Metaspace       used 3655K, capacity 4644K, committed 4864K, reserved 1056768K
  class space    used 432K, capacity 460K, committed 512K, reserved 1048576K
GC Heap History (10 events):
Event: 1.950 GC heap before
{Heap before GC invocations=20 (full 17):
 PSYoungGen      total 35328K, used 32747K [0x00000000eb200000, 0x00000000ed700000, 0x0000000100000000)
  eden space 32768K, 99% used [0x00000000eb200000,0x00000000ed1fade0,0x00000000ed200000)
  from space 2560K, 0% used [0x00000000ed200000,0x00000000ed200000,0x00000000ed480000)
  to   space 2560K, 0% used [0x00000000ed480000,0x00000000ed480000,0x00000000ed700000)
 ParOldGen       total 96768K, used 96756K [0x00000000c1600000, 0x00000000c7480000, 0x00000000eb200000)
  object space 96768K, 99% used [0x00000000c1600000,0x00000000c747d0a8,0x00000000c7480000)
 Metaspace       used 3624K, capacity 4644K, committed 4864K, reserved 1056768K
  class space    used 428K, capacity 460K, committed 512K, reserved 1048576K
Event: 1.994 GC heap after
Heap after GC invocations=20 (full 17):
 PSYoungGen      total 35328K, used 32747K [0x00000000eb200000, 0x00000000ed700000, 0x0000000100000000)
  eden space 32768K, 99% used [0x00000000eb200000,0x00000000ed1fade0,0x00000000ed200000)
  from space 2560K, 0% used [0x00000000ed200000,0x00000000ed200000,0x00000000ed480000)
  to   space 2560K, 0% used [0x00000000ed480000,0x00000000ed480000,0x00000000ed700000)
 ParOldGen       total 96768K, used 96756K [0x00000000c1600000, 0x00000000c7480000, 0x00000000eb200000)
  object space 96768K, 99% used [0x00000000c1600000,0x00000000c747d0a8,0x00000000c7480000)
 Metaspace       used 3624K, capacity 4644K, committed 4864K, reserved 1056768K
  class space    used 428K, capacity 460K, committed 512K, reserved 1048576K
}
Event: 1.995 GC heap before
{Heap before GC invocations=21 (full 18):
 PSYoungGen      total 35328K, used 32747K [0x00000000eb200000, 0x00000000ed700000, 0x0000000100000000)
  eden space 32768K, 99% used [0x00000000eb200000,0x00000000ed1fade0,0x00000000ed200000)
  from space 2560K, 0% used [0x00000000ed200000,0x00000000ed200000,0x00000000ed480000)
  to   space 2560K, 0% used [0x00000000ed480000,0x00000000ed480000,0x00000000ed700000)
 ParOldGen       total 97792K, used 97772K [0x00000000c1600000, 0x00000000c7580000, 0x00000000eb200000)
  object space 97792K, 99% used [0x00000000c1600000,0x00000000c757b0c8,0x00000000c7580000)
 Metaspace       used 3624K, capacity 4644K, committed 4864K, reserved 1056768K
  class space    used 428K, capacity 460K, committed 512K, reserved 1048576K
Event: 2.040 GC heap after
Heap after GC invocations=21 (full 18):
 PSYoungGen      total 35328K, used 32747K [0x00000000eb200000, 0x00000000ed700000, 0x0000000100000000)
  eden space 32768K, 99% used [0x00000000eb200000,0x00000000ed1fade0,0x00000000ed200000)
  from space 2560K, 0% used [0x00000000ed200000,0x00000000ed200000,0x00000000ed480000)
  to   space 2560K, 0% used [0x00000000ed480000,0x00000000ed480000,0x00000000ed700000)
 ParOldGen       total 97792K, used 97772K [0x00000000c1600000, 0x00000000c7580000, 0x00000000eb200000)
  object space 97792K, 99% used [0x00000000c1600000,0x00000000c757b0c8,0x00000000c7580000)
 Metaspace       used 3624K, capacity 4644K, committed 4864K, reserved 1056768K
  class space    used 428K, capacity 460K, committed 512K, reserved 1048576K
}
Event: 2.040 GC heap before
{Heap before GC invocations=22 (full 19):
 PSYoungGen      total 35328K, used 32747K [0x00000000eb200000, 0x00000000ed700000, 0x0000000100000000)
  eden space 32768K, 99% used [0x00000000eb200000,0x00000000ed1fade0,0x00000000ed200000)
  from space 2560K, 0% used [0x00000000ed200000,0x00000000ed200000,0x00000000ed480000)
  to   space 2560K, 0% used [0x00000000ed480000,0x00000000ed480000,0x00000000ed700000)
 ParOldGen       total 97792K, used 97772K [0x00000000c1600000, 0x00000000c7580000, 0x00000000eb200000)
  object space 97792K, 99% used [0x00000000c1600000,0x00000000c757b0c8,0x00000000c7580000)
 Metaspace       used 3624K, capacity 4644K, committed 4864K, reserved 1056768K
  class space    used 428K, capacity 460K, committed 512K, reserved 1048576K
Event: 2.128 GC heap after
Heap after GC invocations=22 (full 19):
 PSYoungGen      total 35328K, used 32747K [0x00000000eb200000, 0x00000000ed700000, 0x0000000100000000)
  eden space 32768K, 99% used [0x00000000eb200000,0x00000000ed1fade0,0x00000000ed200000)
  from space 2560K, 0% used [0x00000000ed200000,0x00000000ed200000,0x00000000ed480000)
  to   space 2560K, 0% used [0x00000000ed480000,0x00000000ed480000,0x00000000ed700000)
 ParOldGen       total 97792K, used 97740K [0x00000000c1600000, 0x00000000c7580000, 0x00000000eb200000)
  object space 97792K, 99% used [0x00000000c1600000,0x00000000c7573020,0x00000000c7580000)
 Metaspace       used 3624K, capacity 4644K, committed 4864K, reserved 1056768K
  class space    used 428K, capacity 460K, committed 512K, reserved 1048576K
}
Event: 2.128 GC heap before
{Heap before GC invocations=23 (full 20):
 PSYoungGen      total 35328K, used 32747K [0x00000000eb200000, 0x00000000ed700000, 0x0000000100000000)
  eden space 32768K, 99% used [0x00000000eb200000,0x00000000ed1fade0,0x00000000ed200000)
  from space 2560K, 0% used [0x00000000ed200000,0x00000000ed200000,0x00000000ed480000)
  to   space 2560K, 0% used [0x00000000ed480000,0x00000000ed480000,0x00000000ed700000)
 ParOldGen       total 97792K, used 97779K [0x00000000c1600000, 0x00000000c7580000, 0x00000000eb200000)
  object space 97792K, 99% used [0x00000000c1600000,0x00000000c757cc70,0x00000000c7580000)
 Metaspace       used 3624K, capacity 4644K, committed 4864K, reserved 1056768K
  class space    used 428K, capacity 460K, committed 512K, reserved 1048576K
Event: 2.168 GC heap after
Heap after GC invocations=23 (full 20):
 PSYoungGen      total 35328K, used 32747K [0x00000000eb200000, 0x00000000ed700000, 0x0000000100000000)
  eden space 32768K, 99% used [0x00000000eb200000,0x00000000ed1fade0,0x00000000ed200000)
  from space 2560K, 0% used [0x00000000ed200000,0x00000000ed200000,0x00000000ed480000)
  to   space 2560K, 0% used [0x00000000ed480000,0x00000000ed480000,0x00000000ed700000)
 ParOldGen       total 97792K, used 97779K [0x00000000c1600000, 0x00000000c7580000, 0x00000000eb200000)
  object space 97792K, 99% used [0x00000000c1600000,0x00000000c757cc70,0x00000000c7580000)
 Metaspace       used 3624K, capacity 4644K, committed 4864K, reserved 1056768K
  class space    used 428K, capacity 460K, committed 512K, reserved 1048576K
}
Event: 2.168 GC heap before
{Heap before GC invocations=24 (full 21):
 PSYoungGen      total 35328K, used 32747K [0x00000000eb200000, 0x00000000ed700000, 0x0000000100000000)
  eden space 32768K, 99% used [0x00000000eb200000,0x00000000ed1fade0,0x00000000ed200000)
  from space 2560K, 0% used [0x00000000ed200000,0x00000000ed200000,0x00000000ed480000)
  to   space 2560K, 0% used [0x00000000ed480000,0x00000000ed480000,0x00000000ed700000)
 ParOldGen       total 97792K, used 97779K [0x00000000c1600000, 0x00000000c7580000, 0x00000000eb200000)
  object space 97792K, 99% used [0x00000000c1600000,0x00000000c757cc70,0x00000000c7580000)
 Metaspace       used 3624K, capacity 4644K, committed 4864K, reserved 1056768K
  class space    used 428K, capacity 460K, committed 512K, reserved 1048576K
Event: 2.215 GC heap after
Heap after GC invocations=24 (full 21):
 PSYoungGen      total 35328K, used 32747K [0x00000000eb200000, 0x00000000ed700000, 0x0000000100000000)
  eden space 32768K, 99% used [0x00000000eb200000,0x00000000ed1fade0,0x00000000ed200000)
  from space 2560K, 0% used [0x00000000ed200000,0x00000000ed200000,0x00000000ed480000)
  to   space 2560K, 0% used [0x00000000ed480000,0x00000000ed480000,0x00000000ed700000)
 ParOldGen       total 97792K, used 97779K [0x00000000c1600000, 0x00000000c7580000, 0x00000000eb200000)
  object space 97792K, 99% used [0x00000000c1600000,0x00000000c757cc70,0x00000000c7580000)
 Metaspace       used 3624K, capacity 4644K, committed 4864K, reserved 1056768K
  class space    used 428K, capacity 460K, committed 512K, reserved 1048576K
}

